Removed Pin From Net: NetName=+3V3 Pin=R1-1
Removed Pin From Net: NetName=+3V3 Pin=R2-1
Removed Pin From Net: NetName=AC-RST Pin=R3-1
Removed Pin From Net: NetName=NetQ2_2 Pin=R4-1
Removed Pin From Net: NetName=NetQ1_2 Pin=R5-1
Removed Pin From Net: NetName=NetQ1_3 Pin=R6-1
Removed Pin From Net: NetName=NetQ2_3 Pin=R7-1
Removed Pin From Net: NetName=NetQ2_2 Pin=R8-1
Removed Pin From Net: NetName=+3V3 Pin=R9-1
Removed Pin From Net: NetName=MB-SCL Pin=R10-1
Removed Pin From Net: NetName=NetC11_1 Pin=R11-1
Removed Pin From Net: NetName=MCLR Pin=R12-1
Removed Pin From Net: NetName=+3V3 Pin=R13-1
Removed Pin From Net: NetName=+3V3 Pin=R14-1
Removed Pin From Net: NetName=+3V3 Pin=R15-1
Removed Pin From Net: NetName=+3V3 Pin=R16-1
Removed Pin From Net: NetName=+3V3 Pin=R17-1
Removed Pin From Net: NetName=ETXD_0 Pin=R18-1
Removed Pin From Net: NetName=+3V3 Pin=R19-1
Removed Pin From Net: NetName=+3V3 Pin=R20-1
Removed Pin From Net: NetName=+3V3 Pin=R21-1
Removed Pin From Net: NetName=+3V3 Pin=R22-1
Removed Pin From Net: NetName=ETXD_1 Pin=R23-1
Removed Pin From Net: NetName=ERXD_0 Pin=R24-1
Removed Pin From Net: NetName=ERXD_1 Pin=R25-1
Removed Pin From Net: NetName=CRS_DV Pin=R26-1
Removed Pin From Net: NetName=ETXEN Pin=R27-1
Removed Pin From Net: NetName=+3V3 Pin=R28-1
Removed Pin From Net: NetName=NetJ4_10 Pin=R29-1
Removed Pin From Net: NetName=ERXERR Pin=R30-1
Removed Pin From Net: NetName=GND Pin=R32-1
Removed Pin From Net: NetName=IO2 Pin=R35-1
Removed Pin From Net: NetName=EN Pin=R36-1
Removed Pin From Net: NetName=+3V3 Pin=R37-1
Removed Pin From Net: NetName=+3V3 Pin=R38-1
Removed Pin From Net: NetName=OC5 Pin=R39-1
Removed Pin From Net: NetName=GND Pin=R40-1
Removed Pin From Net: NetName=NetD7_2 Pin=R44-1
Removed Pin From Net: NetName=NetD8_2 Pin=R45-1
Added Pin To Net: NetName=NetQ1_2 Pin=R1-1
Added Pin To Net: NetName=+3V3 Pin=R1-2
Added Pin To Net: NetName=NetQ2_2 Pin=R2-1
Added Pin To Net: NetName=+3V3 Pin=R2-2
Added Pin To Net: NetName=NetQ1_2 Pin=R3-1
Added Pin To Net: NetName=AC-RST Pin=R3-2
Added Pin To Net: NetName=AC-SET Pin=R4-1
Added Pin To Net: NetName=NetQ2_2 Pin=R4-2
Added Pin To Net: NetName=GND Pin=R5-1
Added Pin To Net: NetName=NetQ1_2 Pin=R5-2
Added Pin To Net: NetName=GND Pin=R6-1
Added Pin To Net: NetName=NetQ1_3 Pin=R6-2
Added Pin To Net: NetName=GND Pin=R7-1
Added Pin To Net: NetName=NetQ2_3 Pin=R7-2
Added Pin To Net: NetName=GND Pin=R8-1
Added Pin To Net: NetName=NetQ2_2 Pin=R8-2
Added Pin To Net: NetName=MB-SDA Pin=R9-1
Added Pin To Net: NetName=+3V3 Pin=R9-2
Added Pin To Net: NetName=+3V3 Pin=R10-1
Added Pin To Net: NetName=MB-SCL Pin=R10-2
Added Pin To Net: NetName=+3V3 Pin=R11-1
Added Pin To Net: NetName=NetC11_1 Pin=R11-2
Added Pin To Net: NetName=NetC11_1 Pin=R12-1
Added Pin To Net: NetName=MCLR Pin=R12-2
Added Pin To Net: NetName=EMDIO Pin=R13-1
Added Pin To Net: NetName=+3V3 Pin=R13-2
Added Pin To Net: NetName=INT4 Pin=R14-1
Added Pin To Net: NetName=+3V3 Pin=R14-2
Added Pin To Net: NetName=+3V3 Pin=R15-2
Added Pin To Net: NetName=+3V3 Pin=R16-2
Added Pin To Net: NetName=+3V3 Pin=R17-2
Added Pin To Net: NetName=ETXD_0 Pin=R18-2
Added Pin To Net: NetName=RJTX_P Pin=R19-1
Added Pin To Net: NetName=+3V3 Pin=R19-2
Added Pin To Net: NetName=RJTX_N Pin=R20-1
Added Pin To Net: NetName=+3V3 Pin=R20-2
Added Pin To Net: NetName=RJRX_P Pin=R21-1
Added Pin To Net: NetName=+3V3 Pin=R21-2
Added Pin To Net: NetName=RJRX_N Pin=R22-1
Added Pin To Net: NetName=+3V3 Pin=R22-2
Added Pin To Net: NetName=ETXD_1 Pin=R23-2
Added Pin To Net: NetName=ERXD_0 Pin=R24-2
Added Pin To Net: NetName=ERXD_1 Pin=R25-2
Added Pin To Net: NetName=CRS_DV Pin=R26-2
Added Pin To Net: NetName=ETXEN Pin=R27-2
Added Pin To Net: NetName=NetJ4_11 Pin=R28-1
Added Pin To Net: NetName=+3V3 Pin=R28-2
Added Pin To Net: NetName=GND Pin=R29-1
Added Pin To Net: NetName=NetJ4_10 Pin=R29-2
Added Pin To Net: NetName=GND Pin=R30-1
Added Pin To Net: NetName=ERXERR Pin=R30-2
Added Pin To Net: NetName=GND Pin=R31-1
Added Pin To Net: NetName=EGND Pin=R32-1
Added Pin To Net: NetName=GND Pin=R32-2
Added Pin To Net: NetName=CLKIN Pin=R33-1
Added Pin To Net: NetName=EREF-CLK Pin=R34-1
Added Pin To Net: NetName=+3V3 Pin=R35-1
Added Pin To Net: NetName=IO2 Pin=R35-2
Added Pin To Net: NetName=+3V3 Pin=R36-1
Added Pin To Net: NetName=EN Pin=R36-2
Added Pin To Net: NetName=IO8 Pin=R37-1
Added Pin To Net: NetName=+3V3 Pin=R37-2
Added Pin To Net: NetName=NetD3_2 Pin=R38-1
Added Pin To Net: NetName=+3V3 Pin=R38-2
Added Pin To Net: NetName=NetQ3_2 Pin=R39-1
Added Pin To Net: NetName=OC5 Pin=R39-2
Added Pin To Net: NetName=NetQ3_2 Pin=R40-1
Added Pin To Net: NetName=GND Pin=R40-2
Added Pin To Net: NetName=GND Pin=R41-1
Added Pin To Net: NetName=GND Pin=R42-1
Added Pin To Net: NetName=GND Pin=R43-1
Added Pin To Net: NetName=+3V3 Pin=R44-1
Added Pin To Net: NetName=NetD7_2 Pin=R44-2
Added Pin To Net: NetName=DEBUG Pin=R45-1
Added Pin To Net: NetName=NetD8_2 Pin=R45-2
Added Pin To Net: NetName=NetR15_1 Pin=R15-1
Added Pin To Net: NetName=NetR15_1 Pin=R26-1
Added Pin To Net: NetName=NetR15_1 Pin=U2-11
Added Net: Name=NetR15_1
Added Pin To Net: NetName=NetR16_1 Pin=R16-1
Added Pin To Net: NetName=NetR16_1 Pin=R25-1
Added Pin To Net: NetName=NetR16_1 Pin=U2-7
Added Net: Name=NetR16_1
Added Pin To Net: NetName=NetR17_1 Pin=R17-1
Added Pin To Net: NetName=NetR17_1 Pin=R24-1
Added Pin To Net: NetName=NetR17_1 Pin=U2-8
Added Net: Name=NetR17_1
Added Pin To Net: NetName=NetR18_1 Pin=R18-1
Added Pin To Net: NetName=NetR18_1 Pin=U2-17
Added Net: Name=NetR18_1
Added Pin To Net: NetName=NetR23_1 Pin=R23-1
Added Pin To Net: NetName=NetR23_1 Pin=U2-18
Added Net: Name=NetR23_1
Added Pin To Net: NetName=NetR27_1 Pin=R27-1
Added Pin To Net: NetName=NetR27_1 Pin=U2-16
Added Net: Name=NetR27_1
Added Pin To Net: NetName=NetR31_2 Pin=R31-2
Added Pin To Net: NetName=NetR31_2 Pin=U2-24
Added Net: Name=NetR31_2
Added Pin To Net: NetName=NetR33_2 Pin=R33-2
Added Pin To Net: NetName=NetR33_2 Pin=R34-2
Added Pin To Net: NetName=NetR33_2 Pin=Y2-3
Added Net: Name=NetR33_2
Added Pin To Net: NetName=NetR41_2 Pin=R41-2
Added Pin To Net: NetName=NetR41_2 Pin=U4-7
Added Net: Name=NetR41_2
Added Pin To Net: NetName=NetR42_2 Pin=R42-2
Added Pin To Net: NetName=NetR42_2 Pin=U5-7
Added Net: Name=NetR42_2
Added Pin To Net: NetName=NetR43_2 Pin=R43-2
Added Pin To Net: NetName=NetR43_2 Pin=U6-7
Added Net: Name=NetR43_2
