Removed Pin From Net: NetName=NetD4_3 Pin=U4-2
Removed Pin From Net: NetName=NetD4_4 Pin=U4-3
Removed Pin From Net: NetName=NetD5_3 Pin=U5-2
Removed Pin From Net: NetName=NetD5_4 Pin=U5-3
Removed Pin From Net: NetName=NetD6_3 Pin=U6-2
Removed Pin From Net: NetName=NetD6_4 Pin=U6-3
Change Component Description : Designator=U4 Old Description=Triple LEDS driver, PWM controlled New Description=No Description Available
Change Component Description : Designator=U5 Old Description=Triple LEDS driver, PWM controlled New Description=No Description Available
Change Component Description : Designator=U6 Old Description=Triple LEDS driver, PWM controlled New Description=No Description Available
Added Pin To Net: NetName=NetD4_4 Pin=U4-2
Added Pin To Net: NetName=NetD4_3 Pin=U4-3
Added Pin To Net: NetName=NetD5_4 Pin=U5-2
Added Pin To Net: NetName=NetD5_3 Pin=U5-3
Added Pin To Net: NetName=NetD6_4 Pin=U6-2
Added Pin To Net: NetName=NetD6_3 Pin=U6-3
Change Net Color : Old Net Color=RGB(247, 120, 0) New Net Color=Default
Change Net Color : Old Net Color=Red New Net Color=Default
Change Net Color : Old Net Color=Red New Net Color=Default
Change Net Color : Old Net Color=Red New Net Color=Default
Change Net Color : Old Net Color=Red New Net Color=Default
Change Net Color : Old Net Color=Aqua New Net Color=Default
Change Net Color : Old Net Color=Aqua New Net Color=Default
Change Net Color : Old Net Color=Aqua New Net Color=Default
Change Net Color : Old Net Color=Aqua New Net Color=Default
Change Net Color : Old Net Color=RGB(247, 120, 0) New Net Color=Default
Change Net Color : Old Net Color=Aqua New Net Color=Default
Change Net Color : Old Net Color=Aqua New Net Color=Default
Change Net Color : Old Net Color=Aqua New Net Color=Default
Change Net Color : Old Net Color=Aqua New Net Color=Default
Change Net Color : Old Net Color=Aqua New Net Color=Default
Change Net Color : Old Net Color=Aqua New Net Color=Default
Change Net Color : Old Net Color=Aqua New Net Color=Default
Change Net Color : Old Net Color=Aqua New Net Color=Default
Added Room: Name=Communication
Added Room: Name=Interface
Added Room: Name=Puissance
